[2025-03-18 17:55:54] User ID: 6315122718, Action: Вызвана команда /start
[2025-03-18 17:55:56] User ID: 6315122718, Action: Нажал кнопку 'Отменить бронь'
[2025-03-18 17:55:58] User ID: 6315122718, Action: Перешёл к выбору здания
[2025-03-18 17:55:59] User ID: 6315122718, Action: Выбрал здание: Videosecurity
[2025-03-18 17:56:00] User ID: 6315122718, Action: Выбрал переговорную: Silver
[2025-03-18 17:56:02] User ID: 6315122718, Action: Перешёл к выбору здания
[2025-03-18 17:56:03] User ID: 6315122718, Action: Выбрал здание: Victiana
[2025-03-18 17:56:04] User ID: 6315122718, Action: Выбрал переговорную: Trening room
[2025-03-18 17:56:05] User ID: 6315122718, Action: Перешёл к выбору здания
[2025-03-18 17:56:06] User ID: 6315122718, Action: Выбрал здание: Victiana
[2025-03-18 17:56:08] User ID: 6315122718, Action: Выбрал переговорную: Trening room
[2025-03-18 17:56:09] User ID: 6315122718, Action: Выбрал время начала 18:00 для Trening room
[2025-03-18 17:56:11] User ID: 6315122718, Action: Выбрал длительность 1 ч для Trening room, с 18:00
[2025-03-18 17:56:12] User ID: 8081159733, Action: Вызвана команда /start
[2025-03-18 17:56:17] User ID: 6315122718, Action: Нажал кнопку 'Отменить бронь'
[2025-03-18 17:56:18] User ID: 6315122718, Action: Отменил бронь на Trening room в 18:00
[2025-03-18 17:56:20] User ID: 8081159733, Action: Вызвана команда /start
[2025-03-18 17:56:22] User ID: 6315122718, Action: Нажал кнопку 'Отменить бронь'
[2025-03-18 17:57:34] User ID: 7404196608, Action: Вызвана команда /start
[2025-03-18 17:57:39] User ID: 7404196608, Action: Перешёл к выбору здания
[2025-03-18 17:57:41] User ID: 7404196608, Action: Выбрал здание: Videosecurity
[2025-03-18 17:57:42] User ID: 7404196608, Action: Выбрал переговорную: Silver
[2025-03-18 17:57:44] User ID: 7404196608, Action: Выбрал время начала 16:00 для Silver
[2025-03-18 17:57:45] User ID: 7404196608, Action: Выбрал длительность 3 ч для Silver, с 16:00
[2025-03-18 17:57:46] User ID: 8081159733, Action: Вызвана команда /start
[2025-03-18 17:57:49] User ID: 7404196608, Action: Нажал кнопку 'Отменить бронь'
[2025-03-18 17:57:50] User ID: 7404196608, Action: Отменил бронь на Silver в 16:00
[2025-03-18 17:57:55] User ID: 8081159733, Action: Вызвана команда /start
[2025-03-18 17:57:56] User ID: 7404196608, Action: Перешёл к выбору здания
[2025-03-18 17:57:57] User ID: 7404196608, Action: Выбрал здание: Videosecurity
[2025-03-18 17:57:58] User ID: 7404196608, Action: Выбрал переговорную: Silver
[2025-03-18 17:58:00] User ID: 7404196608, Action: Выбрал время начала 08:30 для Silver
[2025-03-18 17:58:01] User ID: 7404196608, Action: Выбрал длительность 8 ч для Silver, с 08:30
[2025-03-18 17:58:02] User ID: 8081159733, Action: Вызвана команда /start
[2025-03-18 17:58:04] User ID: 7404196608, Action: Нажал кнопку 'Отменить бронь'
[2025-03-18 17:58:05] User ID: 8081159733, Action: Вызвана команда /start
[2025-03-18 17:58:06] User ID: 7404196608, Action: Перешёл к выбору здания
[2025-03-18 17:58:08] User ID: 7404196608, Action: Выбрал здание: Videosecurity
[2025-03-18 17:58:09] User ID: 7404196608, Action: Выбрал переговорную: Silver
[2025-03-18 17:58:19] User ID: 7404196608, Action: Выбрал время начала 16:30 для Silver
[2025-03-18 17:58:22] User ID: 7404196608, Action: Выбрал длительность 2 ч 30 мин для Silver, с 16:30
[2025-03-18 17:58:23] User ID: 8081159733, Action: Вызвана команда /start
[2025-03-18 17:58:24] User ID: 7404196608, Action: Перешёл к выбору здания
[2025-03-18 17:58:25] User ID: 7404196608, Action: Выбрал здание: Videosecurity
[2025-03-18 17:58:26] User ID: 7404196608, Action: Выбрал переговорную: Silver
[2025-03-18 17:58:31] User ID: 7404196608, Action: Перешёл к выбору здания
[2025-03-18 17:58:34] User ID: 7404196608, Action: Перешёл к выбору здания
[2025-03-18 17:59:02] User ID: 7404196608, Action: Перешёл к выбору здания
[2025-03-18 17:59:04] User ID: 8081159733, Action: Вызвана команда /start
[2025-03-18 17:59:07] User ID: 7404196608, Action: Нажал кнопку 'Отменить бронь'
[2025-03-18 17:59:08] User ID: 7404196608, Action: Отменил бронь на Silver в 08:30
[2025-03-18 17:59:10] User ID: 8081159733, Action: Вызвана команда /start
[2025-03-18 17:59:11] User ID: 7404196608, Action: Перешёл к выбору здания
[2025-03-18 17:59:12] User ID: 8081159733, Action: Вызвана команда /start
[2025-03-18 17:59:13] User ID: 7404196608, Action: Нажал кнопку 'Отменить бронь'
[2025-03-18 17:59:14] User ID: 7404196608, Action: Отменил бронь на Silver в 16:30
[2025-03-18 17:59:15] User ID: 8081159733, Action: Вызвана команда /start
[2025-03-18 17:59:16] User ID: 7404196608, Action: Нажал кнопку 'Отменить бронь'
[2025-03-18 17:59:19] User ID: 7404196608, Action: Перешёл к выбору здания
[2025-03-18 17:59:21] User ID: 7404196608, Action: Выбрал здание: Videosecurity
[2025-03-18 17:59:22] User ID: 7404196608, Action: Выбрал переговорную: Silver
[2025-03-18 17:59:23] User ID: 7404196608, Action: Выбрал время начала 08:30 для Silver
[2025-03-18 17:59:24] User ID: 7404196608, Action: Выбрал длительность 8 ч для Silver, с 08:30
[2025-03-18 17:59:25] User ID: 8081159733, Action: Вызвана команда /start
[2025-03-18 17:59:28] User ID: 7404196608, Action: Перешёл к выбору здания
[2025-03-18 17:59:29] User ID: 7404196608, Action: Выбрал здание: Videosecurity
[2025-03-18 17:59:31] User ID: 7404196608, Action: Выбрал переговорную: Silver
[2025-03-18 17:59:32] User ID: 7404196608, Action: Выбрал время начала 16:30 для Silver
[2025-03-18 17:59:33] User ID: 7404196608, Action: Выбрал длительность 2 ч 30 мин для Silver, с 16:30
[2025-03-18 17:59:35] User ID: 8081159733, Action: Вызвана команда /start
[2025-03-18 17:59:36] User ID: 7404196608, Action: Нажал кнопку 'Отменить бронь'
[2025-03-18 17:59:37] User ID: 8081159733, Action: Вызвана команда /start
[2025-03-18 17:59:39] User ID: 7404196608, Action: Перешёл к выбору здания
[2025-03-18 17:59:40] User ID: 7404196608, Action: Выбрал здание: Videosecurity
[2025-03-18 17:59:41] User ID: 7404196608, Action: Выбрал переговорную: Silver
[2025-03-18 17:59:42] User ID: 7404196608, Action: Перешёл к выбору здания
[2025-03-18 17:59:47] User ID: 7404196608, Action: Перешёл к выбору здания
[2025-03-18 17:59:49] User ID: 7404196608, Action: Перешёл к выбору здания
[2025-03-18 17:59:50] User ID: 7404196608, Action: Перешёл к выбору здания
[2025-03-18 17:59:54] User ID: 7404196608, Action: Перешёл к выбору здания
[2025-03-18 18:39:19] User ID: 6315122718, Action: Вызвана команда /start
[2025-03-18 18:39:19] User ID: 6315122718, Action: Вызвана команда /start
[2025-03-18 18:39:19] User ID: 6315122718, Action: Вызвана команда /start
[2025-03-18 18:39:19] User ID: 6315122718, Action: Вызвана команда /start
[2025-03-18 18:39:19] User ID: 6315122718, Action: Вызвана команда /start
[2025-03-18 18:39:19] User ID: 6315122718, Action: Вызвана команда /start
[2025-03-18 18:39:19] User ID: 6315122718, Action: Вызвана команда /start
[2025-03-18 18:39:19] User ID: 6315122718, Action: Вызвана команда /start
[2025-03-18 18:39:19] User ID: 6315122718, Action: Вызвана команда /start
[2025-03-18 18:39:19] User ID: 6315122718, Action: Вызвана команда /start
[2025-03-18 18:39:20] User ID: 7404196608, Action: Вызвана команда /start
[2025-03-18 18:39:20] User ID: 7404196608, Action: Вызвана команда /start
[2025-03-18 18:39:20] User ID: 7404196608, Action: Вызвана команда /start
[2025-03-18 18:39:20] User ID: 7404196608, Action: Вызвана команда /start
[2025-03-18 18:39:20] User ID: 7404196608, Action: Вызвана команда /start
[2025-03-18 18:39:20] User ID: 7404196608, Action: Вызвана команда /start
[2025-03-18 18:39:20] User ID: 7404196608, Action: Вызвана команда /start
[2025-03-18 18:39:20] User ID: 7404196608, Action: Вызвана команда /start
[2025-03-18 18:39:20] User ID: 7404196608, Action: Вызвана команда /start
[2025-03-18 18:39:20] User ID: 7404196608, Action: Вызвана команда /start
[2025-03-18 18:39:20] User ID: 6315122718, Action: Вызвана команда /start
[2025-03-18 18:39:20] User ID: 6315122718, Action: Вызвана команда /start
[2025-03-18 18:39:21] User ID: 6315122718, Action: Вызвана команда /start
[2025-03-18 18:39:21] User ID: 6315122718, Action: Вызвана команда /start
[2025-03-18 18:39:21] User ID: 6315122718, Action: Вызвана команда /start
[2025-03-18 18:39:21] User ID: 6315122718, Action: Вызвана команда /start
[2025-03-18 18:39:21] User ID: 6315122718, Action: Вызвана команда /start
[2025-03-18 18:39:21] User ID: 6315122718, Action: Вызвана команда /start
[2025-03-18 18:39:21] User ID: 6315122718, Action: Вызвана команда /start
[2025-03-18 18:39:21] User ID: 6315122718, Action: Вызвана команда /start
[2025-03-18 18:39:21] User ID: 7404196608, Action: Вызвана команда /start
[2025-03-18 18:39:21] User ID: 6315122718, Action: Вызвана команда /start
[2025-03-18 18:39:22] User ID: 7404196608, Action: Вызвана команда /start
[2025-03-18 18:39:22] User ID: 7404196608, Action: Вызвана команда /start
[2025-03-18 18:39:34] User ID: 6315122718, Action: Перешёл к выбору здания
[2025-03-18 18:39:35] User ID: 6315122718, Action: Выбрал здание: Videosecurity
[2025-03-18 18:39:36] User ID: 6315122718, Action: Выбрал переговорную: Silver
[2025-03-18 18:39:38] User ID: 6315122718, Action: Перешёл к выбору здания
[2025-03-18 18:39:39] User ID: 8081159733, Action: Вызвана команда /start
[2025-03-18 18:39:40] User ID: 6315122718, Action: Нажал кнопку 'Отменить бронь'
[2025-03-18 18:39:54] User ID: 7404196608, Action: Нажал кнопку 'Отменить бронь'
[2025-03-18 18:39:56] User ID: 7404196608, Action: Отменил бронь на Silver в 16:30
[2025-03-18 18:39:57] User ID: 8081159733, Action: Вызвана команда /start
[2025-03-18 18:39:58] User ID: 7404196608, Action: Нажал кнопку 'Отменить бронь'
[2025-03-18 18:39:59] User ID: 7404196608, Action: Отменил бронь на Silver в 08:30
[2025-03-18 18:40:00] User ID: 8081159733, Action: Вызвана команда /start
[2025-03-18 18:40:09] User ID: 7404196608, Action: Вызвана команда /start
[2025-03-18 18:40:12] User ID: 7404196608, Action: Перешёл к выбору здания
[2025-03-18 18:40:13] User ID: 7404196608, Action: Выбрал здание: Videosecurity
[2025-03-18 18:40:15] User ID: 7404196608, Action: Выбрал переговорную: Silver
[2025-03-18 18:40:19] User ID: 7404196608, Action: Выбрал время начала 10:00 для Silver
[2025-03-18 18:40:22] User ID: 7404196608, Action: Выбрал длительность 2 ч для Silver, с 10:00
[2025-03-18 18:40:23] User ID: 8081159733, Action: Вызвана команда /start
[2025-03-18 18:40:24] User ID: 7404196608, Action: Перешёл к выбору здания
[2025-03-18 18:40:25] User ID: 7404196608, Action: Выбрал здание: Videosecurity
[2025-03-18 18:40:26] User ID: 7404196608, Action: Выбрал переговорную: Silver
[2025-03-18 18:40:31] User ID: 7404196608, Action: Выбрал время начала 09:30 для Silver
[2025-03-18 18:40:34] User ID: 7404196608, Action: Выбрал длительность 30 мин для Silver, с 09:30
[2025-03-18 18:40:35] User ID: 8081159733, Action: Вызвана команда /start
[2025-03-18 18:40:36] User ID: 7404196608, Action: Нажал кнопку 'Отменить бронь'
[2025-03-18 18:40:40] User ID: 7404196608, Action: Отменил бронь на Silver в 10:00
[2025-03-18 18:40:42] User ID: 8081159733, Action: Вызвана команда /start
[2025-03-19 08:27:16] User ID: 7404196608, Action: Вызвана команда /start
[2025-03-19 08:27:16] User ID: 7404196608, Action: Вызвана команда /start
[2025-03-19 08:27:16] User ID: 7404196608, Action: Вызвана команда /start
[2025-03-19 08:27:17] User ID: 7404196608, Action: Вызвана команда /start
[2025-03-19 08:27:17] User ID: 7404196608, Action: Вызвана команда /start
[2025-03-19 08:27:17] User ID: 7404196608, Action: Вызвана команда /start
[2025-03-19 08:27:17] User ID: 7404196608, Action: Вызвана команда /start
[2025-03-19 08:28:02] User ID: 7404196608, Action: Нажал кнопку 'Отменить бронь'
[2025-03-19 08:28:05] User ID: 7404196608, Action: Перешёл к выбору здания
[2025-03-19 08:28:07] User ID: 7404196608, Action: Выбрал здание: Videosecurity
[2025-03-19 08:28:08] User ID: 7404196608, Action: Выбрал переговорную: Silver
[2025-03-19 08:28:10] User ID: 7404196608, Action: Перешёл к выбору здания
[2025-03-19 08:28:11] User ID: 8081159733, Action: Вызвана команда /start
[2025-03-19 09:52:44] User ID: 7404196608, Action: Вызвана команда /start
[2025-03-19 09:52:46] User ID: 7404196608, Action: Перешёл к выбору здания
[2025-03-19 09:52:48] User ID: 7404196608, Action: Выбрал здание: Videosecurity
[2025-03-19 09:52:50] User ID: 7404196608, Action: Выбрал переговорную: Silver
[2025-03-19 09:52:53] User ID: 7404196608, Action: Выбрал время начала 10:00 для Silver
[2025-03-19 09:52:55] User ID: 7404196608, Action: Выбрал длительность 2 ч для Silver, с 10:00
[2025-03-19 09:52:59] User ID: 8081159733, Action: Вызвана команда /start
[2025-03-19 09:53:00] User ID: 7404196608, Action: Перешёл к выбору здания
[2025-03-19 09:53:01] User ID: 7404196608, Action: Выбрал здание: Videosecurity
[2025-03-19 09:53:02] User ID: 7404196608, Action: Выбрал переговорную: Silver
[2025-03-19 09:53:11] User ID: 7404196608, Action: Выбрал время начала 09:30 для Silver
[2025-03-19 09:53:15] User ID: 7404196608, Action: Выбрал длительность 30 мин для Silver, с 09:30
[2025-03-19 09:53:17] User ID: 8081159733, Action: Вызвана команда /start
[2025-03-19 09:53:18] User ID: 7404196608, Action: Нажал кнопку 'Отменить бронь'
[2025-03-19 09:53:20] User ID: 8081159733, Action: Вызвана команда /start
[2025-03-19 09:54:30] User ID: 7404196608, Action: Выбрал здание: Videosecurity
[2025-03-19 09:54:31] User ID: 7404196608, Action: Выбрал переговорную: Silver
[2025-03-19 09:54:35] User ID: 7404196608, Action: Перешёл к выбору здания
[2025-03-19 09:54:36] User ID: 8081159733, Action: Вызвана команда /start
[2025-03-19 10:05:48] User ID: 7404196608, Action: Нажал кнопку 'Отменить бронь'
[2025-03-19 10:05:49] User ID: 7404196608, Action: Перешёл к выбору здания
[2025-03-19 10:05:49] User ID: 7404196608, Action: Вызвана команда /start
[2025-03-19 10:06:04] User ID: 7404196608, Action: Нажал кнопку 'Отменить бронь'
[2025-03-19 10:06:05] User ID: 7404196608, Action: Отменил бронь на Silver в 10:00
[2025-03-19 10:06:07] User ID: 8081159733, Action: Вызвана команда /start
[2025-03-19 10:06:08] User ID: 7404196608, Action: Нажал кнопку 'Отменить бронь'
[2025-03-19 10:06:09] User ID: 7404196608, Action: Отменил бронь на Silver в 09:30
[2025-03-19 10:06:13] User ID: 8081159733, Action: Вызвана команда /start
[2025-03-19 10:06:14] User ID: 7404196608, Action: Перешёл к выбору здания
[2025-03-19 10:06:15] User ID: 7404196608, Action: Выбрал здание: Videosecurity
[2025-03-19 10:06:16] User ID: 7404196608, Action: Выбрал переговорную: Silver
[2025-03-19 10:06:18] User ID: 7404196608, Action: Перешёл к выбору здания
[2025-03-19 10:06:19] User ID: 7404196608, Action: Выбрал здание: Victiana
[2025-03-19 10:06:20] User ID: 7404196608, Action: Выбрал переговорную: Fres
[2025-03-19 10:06:21] User ID: 7404196608, Action: Перешёл к выбору здания
[2025-03-19 10:06:22] User ID: 7404196608, Action: Выбрал здание: Victiana
[2025-03-19 10:06:24] User ID: 7404196608, Action: Выбрал переговорную: White
[2025-03-19 10:06:25] User ID: 7404196608, Action: Перешёл к выбору здания
[2025-03-19 10:06:26] User ID: 7404196608, Action: Выбрал здание: Videosecurity
[2025-03-19 10:06:28] User ID: 7404196608, Action: Выбрал переговорную: Gold
[2025-03-19 10:06:29] User ID: 7404196608, Action: Перешёл к выбору здания
[2025-03-19 10:06:31] User ID: 7404196608, Action: Выбрал здание: Videosecurity
[2025-03-19 10:06:33] User ID: 7404196608, Action: Выбрал переговорную: Антикамера
[2025-03-19 10:06:35] User ID: 7404196608, Action: Перешёл к выбору здания
[2025-03-19 13:29:33] User ID: 7404196608, Action: Вызвана команда /start
[2025-03-19 13:29:34] User ID: 7404196608, Action: Выбрал здание: Videosecurity
[2025-03-19 13:29:34] User ID: 7404196608, Action: Выбрал здание: Victiana
[2025-03-19 13:29:34] User ID: 8081159733, Action: Вызвана команда /start
[2025-03-19 13:29:44] User ID: 7404196608, Action: Перешёл к выбору здания
[2025-03-19 13:29:45] User ID: 7404196608, Action: Выбрал здание: Videosecurity
[2025-03-19 13:29:47] User ID: 7404196608, Action: Выбрал переговорную: Silver
[2025-03-19 13:29:48] User ID: 7404196608, Action: Выбрал время начала 18:30 для Silver
[2025-03-19 13:29:49] User ID: 7404196608, Action: Выбрал длительность 30 мин для Silver, с 18:30
[2025-03-19 13:29:50] User ID: 8081159733, Action: Вызвана команда /start
[2025-03-19 13:29:52] User ID: 7404196608, Action: Перешёл к выбору здания
[2025-03-19 13:29:53] User ID: 7404196608, Action: Выбрал здание: Videosecurity
[2025-03-19 13:29:54] User ID: 7404196608, Action: Выбрал переговорную: Антикамера
[2025-03-19 13:30:21] User ID: 7404196608, Action: Выбрал переговорную: Fres
[2025-03-19 13:30:22] User ID: 7404196608, Action: Выбрал время начала 16:30 для Fres
[2025-03-19 13:30:22] User ID: 7404196608, Action: Выбрал длительность 1 ч 30 мин для Fres, с 16:30
[2025-03-19 13:30:24] User ID: 8081159733, Action: Вызвана команда /start
[2025-03-19 13:30:26] User ID: 7404196608, Action: Перешёл к выбору здания
[2025-03-19 13:30:26] User ID: 8081159733, Action: Вызвана команда /start
[2025-03-19 13:30:27] User ID: 7404196608, Action: Нажал кнопку 'Отменить бронь'
[2025-03-19 13:30:28] User ID: 7404196608, Action: Отменил бронь на Silver в 18:30
[2025-03-19 13:30:29] User ID: 8081159733, Action: Вызвана команда /start
[2025-03-19 13:30:31] User ID: 7404196608, Action: Нажал кнопку 'Отменить бронь'
[2025-03-19 13:30:33] User ID: 7404196608, Action: Отменил бронь на Fres в 16:30
[2025-03-19 13:30:34] User ID: 8081159733, Action: Вызвана команда /start
[2025-03-19 13:30:35] User ID: 7404196608, Action: Перешёл к выбору здания
